<?xml version="1.0" encoding="UTF-8"?>
<!-- Generated by org.testng.reporters.JUnitXMLReporter -->
<testsuite ignored="0" hostname="DESKTOP-3T2IK9H" failures="1" tests="1" name="Dummy Test" time="7.787" errors="0" timestamp="2021-11-04T22:26:45 EDT">
  <testcase classname="testCases.JanuaryPageTest" name="DisplayedBrand" time="0.883">
    <failure type="java.lang.AssertionError" message="expected [true] but found [false]">
      <![CDATA[java.lang.AssertionError: expected [true] but found [false]
at testCases.JanuaryPageTest.DisplayedBrand(JanuaryPageTest.java:54)
at java.base/java.util.ArrayList.forEach(ArrayList.java:1510)
... Removed 31 stack frames]]>
    </failure>
  </testcase> <!-- DisplayedBrand -->
</testsuite> <!-- Dummy Test -->
