<?xml version="1.0" encoding="UTF-8"?>
<!-- Generated by org.testng.reporters.JUnitReportReporter -->
<testsuite hostname="DESKTOP-3T2IK9H" failures="0" tests="4" name="testCases.HeaderCountTest" time="63.979" errors="0" timestamp="2021-11-04T19:53:46 EDT" skipped="0">
  <testcase classname="testCases.HeaderCountTest" name="BrandDropDownCount" time="2.181"/>
  <system-out/>
  <testcase classname="testCases.HeaderCountTest" name="clickOnEachMenu" time="48.513"/>
  <system-out/>
  <testcase classname="testCases.HeaderCountTest" name="headerMenuCount" time="2.370"/>
  <system-out/>
  <testcase classname="testCases.HeaderCountTest" name="searchBrand" time="10.915"/>
  <system-out/>
</testsuite> <!-- testCases.HeaderCountTest -->
