<?xml version="1.0" encoding="UTF-8"?>
<!-- Generated by org.testng.reporters.JUnitXMLReporter -->
<testsuite ignored="0" hostname="DESKTOP-3T2IK9H" failures="0" tests="3" name="Default test" time="153.906" errors="0" timestamp="2021-11-04T11:53:33 EDT">
  <testcase classname="testCases.HeaderCountTest" name="BrandDropDownCount" time="0.553"/>
  <testcase classname="testCases.HeaderCountTest" name="clickOnEachMenu" time="46.315"/>
  <testcase classname="testCases.HeaderCountTest" name="headerMenuCount" time="99.377"/>
</testsuite> <!-- Default test -->
